Build started 30/12/2015 12:07:44.
     1>Project "C:\Users\Or\Copy\Documents\Visual Studio 2013\Projects\Project5\Project5\Project5.vcxproj" on node 2 (Build target(s)).
     1>ClCompile:
         C:\Program Files (x86)\Microsoft Visual Studio 12.0\VC\bin\CL.exe /c /ZI /nologo /W3 /WX- /sdl /Od /Oy- /D GLUT_BUILDING_LIB /D _CRT_SECURE_NO_WARNINGS /D _MBCS /Gm /EHsc /RTC1 /MDd /GS /fp:precise /Zc:wchar_t /Zc:forScope /Fo"Debug\\" /Fd"Debug\vc120.pdb" /Gd /TP /analyze- /errorReport:prompt fileParse.cpp light.cpp plane.cpp rayTracer.cpp scene.cpp sphere.cpp
         Skipping... (no relevant changes detected)
         sphere.cpp
         scene.cpp
         rayTracer.cpp
         plane.cpp
         light.cpp
         fileParse.cpp
       Link:
         C:\Program Files (x86)\Microsoft Visual Studio 12.0\VC\bin\link.exe /ERRORREPORT:PROMPT /OUT:"C:\Users\Or\Copy\Documents\Visual Studio 2013\Projects\Project5\Debug\Project5.exe" /INCREMENTAL /NOLOGO glu32.lib opengl32.lib glaux.lib kernel32.lib user32.lib gdi32.lib winspool.lib comdlg32.lib advapi32.lib shell32.lib ole32.lib oleaut32.lib uuid.lib odbc32.lib odbccp32.lib /MANIFEST /MANIFESTUAC:"level='asInvoker' uiAccess='false'" /manifest:embed /DEBUG /PDB:"C:\Users\Or\Copy\Documents\Visual Studio 2013\Projects\Project5\Debug\Project5.pdb" /SUBSYSTEM:CONSOLE /TLBID:1 /DYNAMICBASE /NXCOMPAT /IMPLIB:"C:\Users\Or\Copy\Documents\Visual Studio 2013\Projects\Project5\Debug\Project5.lib" /MACHINE:X86 Debug\fileParse.obj
         Debug\light.obj
         Debug\plane.obj
         Debug\rayTracer.obj
         Debug\scene.obj
         Debug\ray.obj
         Debug\sphere.obj
         ..\..\TamirExample\glut32.lib
         Project5.vcxproj -> C:\Users\Or\Copy\Documents\Visual Studio 2013\Projects\Project5\Debug\Project5.exe
     1>Done Building Project "C:\Users\Or\Copy\Documents\Visual Studio 2013\Projects\Project5\Project5\Project5.vcxproj" (Build target(s)).

Build succeeded.

Time Elapsed 00:00:01.98
